floatingShort/build/outputs/logs/manifest-merger-debug-report.txt
-- Merging decision tree log ---
manifest
ADDED from AndroidManifest.xml:2:1
	xmlns:android
		ADDED from AndroidManifest.xml:2:11
	package
		ADDED from AndroidManifest.xml:3:5
		INJECTED from AndroidManifest.xml:0:0
		INJECTED from AndroidManifest.xml:0:0
	android:versionName
		ADDED from AndroidManifest.xml:5:5
	android:versionCode
		ADDED from AndroidManifest.xml:4:5
		INJECTED from AndroidManifest.xml:0:0
		INJECTED from AndroidManifest.xml:0:0
uses-sdk
ADDED from AndroidManifest.xml:7:5
MERGED from FloatingShort4:sideBarlibrary:unspecified:7:5
	android:targetSdkVersion
		ADDED from AndroidManifest.xml:7:41
		INJECTED from AndroidManifest.xml:0:0
		INJECTED from AndroidManifest.xml:0:0
	android:minSdkVersion
		ADDED from AndroidManifest.xml:7:15
		INJECTED from AndroidManifest.xml:0:0
		INJECTED from AndroidManifest.xml:0:0
uses-permission#android.permission.SYSTEM_ALERT_WINDOW
ADDED from AndroidManifest.xml:9:5
MERGED from FloatingShort4:sideBarlibrary:unspecified:11:5
	android:name
		ADDED from AndroidManifest.xml:9:22
uses-permission#android.permission.VIBRATE
ADDED from AndroidManifest.xml:10:5
	android:name
		ADDED from AndroidManifest.xml:10:22
uses-permission#android.permission.WRITE_EXTERNAL_STORAGE
ADDED from AndroidManifest.xml:11:5
	android:name
		ADDED from AndroidManifest.xml:11:22
uses-permission#android.permission.READ_EXTERNAL_STORAGE
ADDED from AndroidManifest.xml:12:5
	android:name
		ADDED from AndroidManifest.xml:12:22
uses-permission#android.permission.INTERNET
ADDED from AndroidManifest.xml:13:5
	android:name
		ADDED from AndroidManifest.xml:13:22
uses-permission#android.permission.ACCESS_NETWORK_STATE
ADDED from AndroidManifest.xml:14:5
	android:name
		ADDED from AndroidManifest.xml:14:22
uses-permission#android.permission.KILL_BACKGROUND_PROCESSES
ADDED from AndroidManifest.xml:15:5
	android:name
		ADDED from AndroidManifest.xml:15:22
application
ADDED from AndroidManifest.xml:17:5
	android:label
		ADDED from AndroidManifest.xml:19:9
	android:icon
		ADDED from AndroidManifest.xml:18:9
activity#co.yoyu.sidebar.SidebarLauncher
ADDED from AndroidManifest.xml:21:9
	android:label
		ADDED from AndroidManifest.xml:24:13
	android:theme
		ADDED from AndroidManifest.xml:25:13
	android:excludeFromRecents
		ADDED from AndroidManifest.xml:23:13
	android:name
		ADDED from AndroidManifest.xml:22:13
intent-filter#android.intent.action.MAIN+android.intent.category.LAUNCHER
ADDED from AndroidManifest.xml:26:13
action#android.intent.action.MAIN
ADDED from AndroidManifest.xml:27:17
	android:name
		ADDED from AndroidManifest.xml:27:25
category#android.intent.category.LAUNCHER
ADDED from AndroidManifest.xml:29:17
	android:name
		ADDED from AndroidManifest.xml:29:27
service#co.yoyu.sidebar.view.SideBar
ADDED from AndroidManifest.xml:33:9
	android:exported
		ADDED from AndroidManifest.xml:35:13
	android:enabled
		ADDED from AndroidManifest.xml:34:13
	android:name
		ADDED from AndroidManifest.xml:33:18